<?xml version="1.0" encoding="UTF-8"?>
<testsuite xmlns:xsi="http://www.w3.org/2001/XMLSchema-instance" xsi:noNamespaceSchemaLocation="https://maven.apache.org/surefire/maven-surefire-plugin/xsd/surefire-test-report-3.0.xsd" version="3.0" name="com.bank_management_system.AccountTest" time="0.089" tests="8" errors="0" skipped="0" failures="0">
  <properties>
[...]
</properties>
  <testcase name="withdrawFromClosedAccountThrowsIllegalStateException" classname="com.bank_management_system.AccountTest" time="0.006">
    <system-out><![CDATA[Test: withdrawFromClosedAccountThrowsIllegalStateException() ..... PASSED
]]></system-out>
  </testcase>
  <testcase name="depositToClosedAccountThrowsIllegalStateException" classname="com.bank_management_system.AccountTest" time="0.005">
    <system-out><![CDATA[Test: depositToClosedAccountThrowsIllegalStateException() ........ PASSED
]]></system-out>
  </testcase>
  <testcase name="depositUpdatesBalance" classname="com.bank_management_system.AccountTest" time="0.026">
    <system-out><![CDATA[Test: depositUpdatesBalance() .................................... PASSED
]]></system-out>
  </testcase>
  <testcase name="withdrawBelowMinimumThrowsException" classname="com.bank_management_system.AccountTest" time="0.004">
    <system-out><![CDATA[Test: withdrawBelowMinimumThrowsException() ...................... PASSED
]]></system-out>
  </testcase>
  <testcase name="withdrawUpdatesBalance" classname="com.bank_management_system.AccountTest" time="0.008">
    <system-out><![CDATA[Test: withdrawUpdatesBalance() ................................... PASSED
]]></system-out>
  </testcase>
  <testcase name="overdraftWithinLimitAllowed" classname="com.bank_management_system.AccountTest" time="0.003">
    <system-out><![CDATA[Test: overdraftWithinLimitAllowed() .............................. PASSED
]]></system-out>
  </testcase>
  <testcase name="overdraftExceedThrowsOverdraftLimitExceededException" classname="com.bank_management_system.AccountTest" time="0.009">
    <system-out><![CDATA[Test: overdraftExceedThrowsOverdraftLimitExceededException() ..... PASSED
]]></system-out>
  </testcase>
  <testcase name="depositZeroThrowsInvalidAmountException" classname="com.bank_management_system.AccountTest" time="0.004">
    <system-out><![CDATA[Test: depositZeroThrowsInvalidAmountException() .................. PASSED
]]></system-out>
  </testcase>
</testsuite>