<?xml version="1.0" encoding="UTF-8"?>
<testsuite xmlns:xsi="http://www.w3.org/2001/XMLSchema-instance" xsi:noNamespaceSchemaLocation="https://maven.apache.org/surefire/maven-surefire-plugin/xsd/surefire-test-report-3.0.xsd" version="3.0" name="com.bank_management_system.InputValidatorTest" time="0.209" tests="35" errors="0" skipped="0" failures="0">
  <properties>
[...]
</properties>
  <testcase name="validAmountPasses" classname="com.bank_management_system.InputValidatorTest" time="0.009">
    <system-out><![CDATA[Test: validAmountPasses() ........................................ PASSED
]]></system-out>
  </testcase>
  <testcase name="ageBelowMinimumThrowsException" classname="com.bank_management_system.InputValidatorTest" time="0.019">
    <system-out><![CDATA[Test: ageBelowMinimumThrowsException() ........................... PASSED
]]></system-out>
  </testcase>
  <testcase name="invalidCustomerIdPrefixThrowsException" classname="com.bank_management_system.InputValidatorTest" time="0.004">
    <system-out><![CDATA[Test: invalidCustomerIdPrefixThrowsException() ................... PASSED
]]></system-out>
  </testcase>
  <testcase name="choiceAboveMaxThrowsException" classname="com.bank_management_system.InputValidatorTest" time="0.013">
    <system-out><![CDATA[Test: choiceAboveMaxThrowsException() ............................ PASSED
]]></system-out>
  </testcase>
  <testcase name="nameWithHyphenPasses" classname="com.bank_management_system.InputValidatorTest" time="0.004">
    <system-out><![CDATA[Test: nameWithHyphenPasses() ..................................... PASSED
]]></system-out>
  </testcase>
  <testcase name="validMenuChoicePasses" classname="com.bank_management_system.InputValidatorTest" time="0.003">
    <system-out><![CDATA[Test: validMenuChoicePasses() .................................... PASSED
]]></system-out>
  </testcase>
  <testcase name="nameWithSpecialCharsThrowsException" classname="com.bank_management_system.InputValidatorTest" time="0.003">
    <system-out><![CDATA[Test: nameWithSpecialCharsThrowsException() ...................... PASSED
]]></system-out>
  </testcase>
  <testcase name="accountNumberWithNoDigitsThrowsException" classname="com.bank_management_system.InputValidatorTest" time="0.003">
    <system-out><![CDATA[Test: accountNumberWithNoDigitsThrowsException() ................. PASSED
]]></system-out>
  </testcase>
  <testcase name="blankAccountNumberThrowsException" classname="com.bank_management_system.InputValidatorTest" time="0.002">
    <system-out><![CDATA[Test: blankAccountNumberThrowsException() ........................ PASSED
]]></system-out>
  </testcase>
  <testcase name="negativeAmountThrowsInvalidAmountException" classname="com.bank_management_system.InputValidatorTest" time="0.005">
    <system-out><![CDATA[Test: negativeAmountThrowsInvalidAmountException() ............... PASSED
]]></system-out>
  </testcase>
  <testcase name="blankCustomerIdThrowsException" classname="com.bank_management_system.InputValidatorTest" time="0.002">
    <system-out><![CDATA[Test: blankCustomerIdThrowsException() ........................... PASSED
]]></system-out>
  </testcase>
  <testcase name="nameWithDigitsThrowsException" classname="com.bank_management_system.InputValidatorTest" time="0.003">
    <system-out><![CDATA[Test: nameWithDigitsThrowsException() ............................ PASSED
]]></system-out>
  </testcase>
  <testcase name="validPhoneNumberPasses" classname="com.bank_management_system.InputValidatorTest" time="0.019">
    <system-out><![CDATA[Test: validPhoneNumberPasses() ................................... PASSED
]]></system-out>
  </testcase>
  <testcase name="blankAddressThrowsException" classname="com.bank_management_system.InputValidatorTest" time="0.002">
    <system-out><![CDATA[Test: blankAddressThrowsException() .............................. PASSED
]]></system-out>
  </testcase>
  <testcase name="addressWithInvalidCharsThrowsException" classname="com.bank_management_system.InputValidatorTest" time="0.003">
    <system-out><![CDATA[Test: addressWithInvalidCharsThrowsException() ................... PASSED
]]></system-out>
  </testcase>
  <testcase name="tooShortContactThrowsException" classname="com.bank_management_system.InputValidatorTest" time="0.006">
    <system-out><![CDATA[Test: tooShortContactThrowsException() ........................... PASSED
]]></system-out>
  </testcase>
  <testcase name="minimumAgePasses" classname="com.bank_management_system.InputValidatorTest" time="0.003">
    <system-out><![CDATA[Test: minimumAgePasses() ......................................... PASSED
]]></system-out>
  </testcase>
  <testcase name="maximumAgePasses" classname="com.bank_management_system.InputValidatorTest" time="0.002">
    <system-out><![CDATA[Test: maximumAgePasses() ......................................... PASSED
]]></system-out>
  </testcase>
  <testcase name="blankNameThrowsException" classname="com.bank_management_system.InputValidatorTest" time="0.004">
    <system-out><![CDATA[Test: blankNameThrowsException() ................................. PASSED
]]></system-out>
  </testcase>
  <testcase name="lowercaseAccountNumberPasses" classname="com.bank_management_system.InputValidatorTest" time="0.003">
    <system-out><![CDATA[Test: lowercaseAccountNumberPasses() ............................. PASSED
]]></system-out>
  </testcase>
  <testcase name="validAgePasses" classname="com.bank_management_system.InputValidatorTest" time="0.002">
    <system-out><![CDATA[Test: validAgePasses() ........................................... PASSED
]]></system-out>
  </testcase>
  <testcase name="validCustomerIdPasses" classname="com.bank_management_system.InputValidatorTest" time="0.003">
    <system-out><![CDATA[Test: validCustomerIdPasses() .................................... PASSED
]]></system-out>
  </testcase>
  <testcase name="zeroAmountThrowsInvalidAmountException" classname="com.bank_management_system.InputValidatorTest" time="0.003">
    <system-out><![CDATA[Test: zeroAmountThrowsInvalidAmountException() ................... PASSED
]]></system-out>
  </testcase>
  <testcase name="minimumMenuChoicePasses" classname="com.bank_management_system.InputValidatorTest" time="0.002">
    <system-out><![CDATA[Test: minimumMenuChoicePasses() .................................. PASSED
]]></system-out>
  </testcase>
  <testcase name="choiceBelowMinThrowsException" classname="com.bank_management_system.InputValidatorTest" time="0.004">
    <system-out><![CDATA[Test: choiceBelowMinThrowsException() ............................ PASSED
]]></system-out>
  </testcase>
  <testcase name="validNamePasses" classname="com.bank_management_system.InputValidatorTest" time="0.003">
    <system-out><![CDATA[Test: validNamePasses() .......................................... PASSED
]]></system-out>
  </testcase>
  <testcase name="ageAboveMaximumThrowsException" classname="com.bank_management_system.InputValidatorTest" time="0.005">
    <system-out><![CDATA[Test: ageAboveMaximumThrowsException() ........................... PASSED
]]></system-out>
  </testcase>
  <testcase name="lettersInContactThrowsException" classname="com.bank_management_system.InputValidatorTest" time="0.003">
    <system-out><![CDATA[Test: lettersInContactThrowsException() .......................... PASSED
]]></system-out>
  </testcase>
  <testcase name="validAccountNumberPasses" classname="com.bank_management_system.InputValidatorTest" time="0.003">
    <system-out><![CDATA[Test: validAccountNumberPasses() ................................. PASSED
]]></system-out>
  </testcase>
  <testcase name="validAddressPasses" classname="com.bank_management_system.InputValidatorTest" time="0.003">
    <system-out><![CDATA[Test: validAddressPasses() ....................................... PASSED
]]></system-out>
  </testcase>
  <testcase name="maximumMenuChoicePasses" classname="com.bank_management_system.InputValidatorTest" time="0.003">
    <system-out><![CDATA[Test: maximumMenuChoicePasses() .................................. PASSED
]]></system-out>
  </testcase>
  <testcase name="nameWithApostrophePasses" classname="com.bank_management_system.InputValidatorTest" time="0.002">
    <system-out><![CDATA[Test: nameWithApostrophePasses() ................................. PASSED
]]></system-out>
  </testcase>
  <testcase name="lowercaseCustomerIdPasses" classname="com.bank_management_system.InputValidatorTest" time="0.003">
    <system-out><![CDATA[Test: lowercaseCustomerIdPasses() ................................ PASSED
]]></system-out>
  </testcase>
  <testcase name="accountNumberWrongPrefixThrowsException" classname="com.bank_management_system.InputValidatorTest" time="0.004">
    <system-out><![CDATA[Test: accountNumberWrongPrefixThrowsException() .................. PASSED
]]></system-out>
  </testcase>
  <testcase name="internationalFormatPasses" classname="com.bank_management_system.InputValidatorTest" time="0.002">
    <system-out><![CDATA[Test: internationalFormatPasses() ................................ PASSED
]]></system-out>
  </testcase>
</testsuite>